                              1 .globl _vblank_isr
                              2 .globl _lcd_isr
                              3 .globl _timer_isr
                              4 .globl _serial_isr
                              5 .globl _joypad_isr
                              6 
                              7 .module isr_table
                              8 ;.area _HEADER (ABS)
                              9 .area ISR_TABLE (ABS)
                             10 
   0040                      11 .org    0x40
   0040 C3r00r00             12 jp _vblank_isr
                             13 
   0048                      14 .org    0x48
   0048 C3r00r00             15 jp _lcd_isr
                             16 
   0050                      17 .org    0x50
   0050 C3r00r00             18 jp _timer_isr
                             19 
   0058                      20 .org    0x58
   0058 C3r00r00             21 jp _serial_isr
                             22 
   0060                      23 .org    0x60
   0060 C3r00r00             24 jp _joypad_isr
                             25 
