                              1 ;--------------------------------------------------------
                              2 ; File Created by SDCC : free open source ANSI-C Compiler
                              3 ; Version 4.0.0 #11528 (MINGW64)
                              4 ;--------------------------------------------------------
                              5 	.module main
                              6 	.optsdcc -mgbz80
                              7 	
                              8 ;--------------------------------------------------------
                              9 ; Public variables in this module
                             10 ;--------------------------------------------------------
                             11 	.globl _main
                             12 	.globl _test
                             13 ;--------------------------------------------------------
                             14 ; special function registers
                             15 ;--------------------------------------------------------
                             16 ;--------------------------------------------------------
                             17 ; ram data
                             18 ;--------------------------------------------------------
                             19 	.area _DATA
                     0000    20 G$test$0_0$0==.
   0000                      21 _test::
   0000                      22 	.ds 1
                             23 ;--------------------------------------------------------
                             24 ; absolute external ram data
                             25 ;--------------------------------------------------------
                             26 	.area _DABS (ABS)
                             27 ;--------------------------------------------------------
                             28 ; global & static initialisations
                             29 ;--------------------------------------------------------
                             30 	.area _HOME
                             31 	.area _GSINIT
                             32 	.area _GSFINAL
                             33 	.area _GSINIT
                             34 ;--------------------------------------------------------
                             35 ; Home
                             36 ;--------------------------------------------------------
                             37 	.area _HOME
                             38 	.area _HOME
                             39 ;--------------------------------------------------------
                             40 ; code
                             41 ;--------------------------------------------------------
                             42 	.area _CODE
                     0000    43 	G$main$0$0	= .
                             44 	.globl	G$main$0$0
                     0000    45 	C$main.c$3$0_0$1	= .
                             46 	.globl	C$main.c$3$0_0$1
                             47 ;..\main.c:3: void main() {
                             48 ;	---------------------------------
                             49 ; Function main
                             50 ; ---------------------------------
   0000                      51 _main::
                     0000    52 	C$main.c$4$1_0$1	= .
                             53 	.globl	C$main.c$4$1_0$1
                             54 ;..\main.c:4: test = 0;
   0000 21r00r00             55 	ld	hl, #_test
   0003 36 00                56 	ld	(hl), #0x00
                     0005    57 	C$main.c$5$1_0$1	= .
                             58 	.globl	C$main.c$5$1_0$1
                             59 ;..\main.c:5: }
                     0005    60 	C$main.c$5$1_0$1	= .
                             61 	.globl	C$main.c$5$1_0$1
                     0005    62 	XG$main$0$0	= .
                             63 	.globl	XG$main$0$0
   0005 C9                   64 	ret
                             65 	.area _CODE
                             66 	.area _CABS (ABS)
