                              1 ;--------------------------------------------------------
                              2 ; File Created by SDCC : free open source ANSI-C Compiler
                              3 ; Version 4.0.0 #11528 (MINGW64)
                              4 ;--------------------------------------------------------
                              5 	.module main
                              6 	.optsdcc -mgbz80
                              7 	
                              8 ;--------------------------------------------------------
                              9 ; Public variables in this module
                             10 ;--------------------------------------------------------
                             11 	.globl _main
                             12 	.globl ___memcpy
                             13 	.globl _memset
                             14 	.globl _bgmap
                             15 	.globl _tiles
                             16 	.globl _font_tiles
                             17 ;--------------------------------------------------------
                             18 ; special function registers
                             19 ;--------------------------------------------------------
                     0026    20 G$NR52$0_0$0 == 0x0026
                     0026    21 _NR52	=	0x0026
                     0040    22 G$LCDC$0_0$0 == 0x0040
                     0040    23 _LCDC	=	0x0040
                     0041    24 G$STAT$0_0$0 == 0x0041
                     0041    25 _STAT	=	0x0041
                     0042    26 G$SCY$0_0$0 == 0x0042
                     0042    27 _SCY	=	0x0042
                     0043    28 G$SCX$0_0$0 == 0x0043
                     0043    29 _SCX	=	0x0043
                     0044    30 G$LY$0_0$0 == 0x0044
                     0044    31 _LY	=	0x0044
                     0045    32 G$LYC$0_0$0 == 0x0045
                     0045    33 _LYC	=	0x0045
                     0047    34 G$BGP$0_0$0 == 0x0047
                     0047    35 _BGP	=	0x0047
                             36 ;--------------------------------------------------------
                             37 ; ram data
                             38 ;--------------------------------------------------------
                             39 	.area _DATA
                     9000    40 G$tiles$0_0$0 == 0x9000
                     9000    41 _tiles	=	0x9000
                     9800    42 G$bgmap$0_0$0 == 0x9800
                     9800    43 _bgmap	=	0x9800
                             44 ;--------------------------------------------------------
                             45 ; absolute external ram data
                             46 ;--------------------------------------------------------
                             47 	.area _DABS (ABS)
                             48 ;--------------------------------------------------------
                             49 ; global & static initialisations
                             50 ;--------------------------------------------------------
                             51 	.area _HOME
                             52 	.area _GSINIT
                             53 	.area _GSFINAL
                             54 	.area _GSINIT
                             55 ;--------------------------------------------------------
                             56 ; Home
                             57 ;--------------------------------------------------------
                             58 	.area _HOME
                             59 	.area _HOME
                             60 ;--------------------------------------------------------
                             61 ; code
                             62 ;--------------------------------------------------------
                             63 	.area _CODE
                     0000    64 	G$main$0$0	= .
                             65 	.globl	G$main$0$0
                     0000    66 	C$main.c$78$0_0$25	= .
                             67 	.globl	C$main.c$78$0_0$25
                             68 ;src\main.c:78: void main() {
                             69 ;	---------------------------------
                             70 ; Function main
                             71 ; ---------------------------------
   0000                      72 _main::
                     0000    73 	C$main.c$79$1_0$25	= .
                             74 	.globl	C$main.c$79$1_0$25
                             75 ;src\main.c:79: while (LY < 144) {} /* wait until vblank */
   0000                      76 00101$:
   0000 F0 44                77 	ldh	a, (_LY+0)
   0002 D6 90                78 	sub	a, #0x90
   0004 38 FA                79 	jr	C,00101$
                     0006    80 	C$main.c$81$1_0$25	= .
                             81 	.globl	C$main.c$81$1_0$25
                             82 ;src\main.c:81: LCDC = 0;
   0006 3E 00                83 	ld	a, #0x00
   0008 E0 40                84 	ldh	(_LCDC+0),a
                     000A    85 	C$main.c$83$1_0$25	= .
                             86 	.globl	C$main.c$83$1_0$25
                             87 ;src\main.c:83: memcpy(&tiles, &font_tiles, sizeof(font_tiles));
   000A 21 30 00             88 	ld	hl, #0x0030
   000D E5                   89 	push	hl
   000E 21r44r00             90 	ld	hl, #_font_tiles
   0011 E5                   91 	push	hl
   0012 21 00 90             92 	ld	hl, #_tiles
   0015 E5                   93 	push	hl
   0016 CDr00r00             94 	call	___memcpy
   0019 E8 06                95 	add	sp, #6
                     001B    96 	C$main.c$85$1_0$25	= .
                             97 	.globl	C$main.c$85$1_0$25
                             98 ;src\main.c:85: breakpoint();
   001B 40                   99 	ld	b,b
                     001C   100 	C$main.c$86$1_0$25	= .
                            101 	.globl	C$main.c$86$1_0$25
                            102 ;src\main.c:86: memset(&bgmap, 0, 360);
   001C 21 68 01            103 	ld	hl, #0x0168
   001F E5                  104 	push	hl
   0020 21 00 00            105 	ld	hl, #0x0000
   0023 E5                  106 	push	hl
   0024 21 00 98            107 	ld	hl, #_bgmap
   0027 E5                  108 	push	hl
   0028 CDr00r00            109 	call	_memset
   002B E8 06               110 	add	sp, #6
                     002D   111 	C$main.c$89$1_0$25	= .
                            112 	.globl	C$main.c$89$1_0$25
                            113 ;src\main.c:89: BGP = 0b11100100;
   002D 3E E4               114 	ld	a, #0xe4
   002F E0 47               115 	ldh	(_BGP+0),a
                     0031   116 	C$main.c$91$1_0$25	= .
                            117 	.globl	C$main.c$91$1_0$25
                            118 ;src\main.c:91: SCY = 0;
   0031 3E 00               119 	ld	a, #0x00
   0033 E0 42               120 	ldh	(_SCY+0),a
                     0035   121 	C$main.c$92$1_0$25	= .
                            122 	.globl	C$main.c$92$1_0$25
                            123 ;src\main.c:92: SCX = 0;
   0035 3E 00               124 	ld	a, #0x00
   0037 E0 43               125 	ldh	(_SCX+0),a
                     0039   126 	C$main.c$94$1_0$25	= .
                            127 	.globl	C$main.c$94$1_0$25
                            128 ;src\main.c:94: NR52 = 0;
   0039 3E 00               129 	ld	a, #0x00
   003B E0 26               130 	ldh	(_NR52+0),a
                     003D   131 	C$main.c$96$1_0$25	= .
                            132 	.globl	C$main.c$96$1_0$25
                            133 ;src\main.c:96: LCDC = 0b10000001;
   003D 3E 81               134 	ld	a, #0x81
   003F E0 40               135 	ldh	(_LCDC+0),a
                     0041   136 	C$main.c$98$1_0$25	= .
                            137 	.globl	C$main.c$98$1_0$25
                            138 ;src\main.c:98: while(1) {}
   0041                     139 00105$:
   0041 18 FE               140 	jr	00105$
                     0043   141 	C$main.c$99$1_0$25	= .
                            142 	.globl	C$main.c$99$1_0$25
                            143 ;src\main.c:99: }
                     0043   144 	C$main.c$99$1_0$25	= .
                            145 	.globl	C$main.c$99$1_0$25
                     0043   146 	XG$main$0$0	= .
                            147 	.globl	XG$main$0$0
   0043 C9                  148 	ret
                     0044   149 G$font_tiles$0_0$0 == .
   0044                     150 _font_tiles:
   0044 01                  151 	.db #0x01	; 1
   0045 01                  152 	.db #0x01	; 1
   0046 02                  153 	.db #0x02	; 2
   0047 02                  154 	.db #0x02	; 2
   0048 04                  155 	.db #0x04	; 4
   0049 04                  156 	.db #0x04	; 4
   004A 08                  157 	.db #0x08	; 8
   004B 08                  158 	.db #0x08	; 8
   004C 10                  159 	.db #0x10	; 16
   004D 10                  160 	.db #0x10	; 16
   004E 20                  161 	.db #0x20	; 32
   004F 20                  162 	.db #0x20	; 32
   0050 40                  163 	.db #0x40	; 64
   0051 40                  164 	.db #0x40	; 64
   0052 80                  165 	.db #0x80	; 128
   0053 80                  166 	.db #0x80	; 128
   0054 80                  167 	.db #0x80	; 128
   0055 80                  168 	.db #0x80	; 128
   0056 40                  169 	.db #0x40	; 64
   0057 40                  170 	.db #0x40	; 64
   0058 20                  171 	.db #0x20	; 32
   0059 20                  172 	.db #0x20	; 32
   005A 10                  173 	.db #0x10	; 16
   005B 10                  174 	.db #0x10	; 16
   005C 08                  175 	.db #0x08	; 8
   005D 08                  176 	.db #0x08	; 8
   005E 04                  177 	.db #0x04	; 4
   005F 04                  178 	.db #0x04	; 4
   0060 02                  179 	.db #0x02	; 2
   0061 02                  180 	.db #0x02	; 2
   0062 01                  181 	.db #0x01	; 1
   0063 01                  182 	.db #0x01	; 1
   0064 81                  183 	.db #0x81	; 129
   0065 81                  184 	.db #0x81	; 129
   0066 42                  185 	.db #0x42	; 66	'B'
   0067 42                  186 	.db #0x42	; 66	'B'
   0068 24                  187 	.db #0x24	; 36
   0069 24                  188 	.db #0x24	; 36
   006A 18                  189 	.db #0x18	; 24
   006B 18                  190 	.db #0x18	; 24
   006C 18                  191 	.db #0x18	; 24
   006D 18                  192 	.db #0x18	; 24
   006E 24                  193 	.db #0x24	; 36
   006F 24                  194 	.db #0x24	; 36
   0070 42                  195 	.db #0x42	; 66	'B'
   0071 42                  196 	.db #0x42	; 66	'B'
   0072 81                  197 	.db #0x81	; 129
   0073 81                  198 	.db #0x81	; 129
                            199 	.area _CODE
                            200 	.area _CABS (ABS)
